
         ==============================
         S N O P T  7.7.3    (Dec 2019)
         ==============================
1

 SNMEMA EXIT 100 -- finished successfully
 SNMEMA INFO 104 -- memory requirements estimated
      Total character workspace             500
      Total integer   workspace           25382
      Total real      workspace           18248
1

 Parameters
 ==========

 Files
 -----
 Solution file..........         0       Old basis file ........         0       Standard input.........         5
 Insert file............         0       New basis file ........         0       (Printer)..............        18
 Punch file.............         0       Backup basis file......         0       (Specs file)...........         0
 Load file..............         0       Dump file..............         0       Standard output........         6

 Frequencies
 -----------
 Print frequency........       100       Check frequency........        60       Save new basis map.....       100
 Summary frequency......       100       Factorization frequency        50       Expand frequency.......     10000

 QP subproblems
 --------------
 QPsolver Cholesky......
 Scale tolerance........     0.900       Minor feasibility tol..  1.00E-06       Iteration limit........     10000
 Scale option...........         0       Minor optimality  tol..  1.00E-06       Minor print level......         1
 Crash tolerance........     0.100       Pivot tolerance........  3.25E-11       New superbasics........        99
 Crash option...........         3       Elastic weight.........  1.00E+05

 Partial pricing
 ---------------
 LP Partial price.......         1       Prtl price section ( A)        51       Prtl price section (-I)         4
 QP Partial price.......         1       Prtl price section ( A)        51       Prtl price section (-I)         4

 The SQP Method
 --------------
 Minimize...............                 Cold start.............                 Proximal Point method..         1
 Nonlinear objectiv vars        51       Objective Row..........         1       Function precision.....  3.00E-13
 Unbounded step size....  1.00E+20       Superbasics limit......        51       Difference interval....  5.48E-07
 Unbounded objective....  1.00E+10       Reduced Hessian dim....        51       Central difference int.  6.70E-05
 Major step limit.......  2.00E+00       Derivative linesearch..                 Derivative option......         1
 Major iterations limit.      1000       Linesearch tolerance...   0.90000       Verify level...........         0
 Minor iterations limit.       500       Penalty parameter......  0.00E+00       Major Print Level......         1
 Time limit (secs)...... 9999999.0       Major optimality tol...  2.00E-06

 Hessian Approximation
 ---------------------
 Hessian full-memory....                 Hessian updates........  99999999       Hessian frequency......  99999999
                                                                                 Hessian flush..........  99999999

 Nonlinear constraints
 ---------------------
 Nonlinear constraints..         3       Major feasibility tol..  1.00E-06       Violation limit........  1.00E+01
 Nonlinear Jacobian vars        51

 Miscellaneous
 -------------
 LU factor tolerance....      3.99       LU singularity tol.....  3.25E-11       Timing level...........         3
 LU update tolerance....      3.99       LU swap tolerance......  1.22E-04       Debug level............         0
 LU partial  pivoting...                 eps (machine precision)  2.22E-16       System information.....        No
                                                                                 Sticky parameters......        No
1




 Matrix statistics
 -----------------
               Total      Normal        Free       Fixed     Bounded
 Rows              4           0           1           3           0
 Columns          51           1           0           0          50

 No. of matrix elements                  153     Density      75.000
 Biggest  constant element        0.0000E+00  (excluding fixed columns,
 Smallest constant element        0.0000E+00   free rows, and RHS)

 No. of objective coefficients             0

 Nonlinear constraints       3     Linear constraints       1
 Nonlinear variables        51     Linear variables         0
 Jacobian  variables        51     Objective variables     51
 Total constraints           4     Total variables         51
1



 The user has defined     204   out of     204   first  derivatives

 Cheap test of user-supplied problem derivatives...

 XXX  The constraint gradients seem to be incorrect.

 -->  The largest discrepancy was    6.13E+14  in constraint    55


 XXX  The objective  gradients seem to be incorrect.

 Gradient projected in one direction  -2.91719387896E+05
 Difference approximation              1.75153034579E+03
1

1

 SNOPTA EXIT  40 -- terminated after numerical difficulties
 SNOPTA INFO  43 -- cannot satisfy the general constraints

 Problem name                 Opt Prob
 No. of iterations                   0   Objective            1.0029925389E+05
 No. of major iterations             0   Linear    obj. term  0.0000000000E+00
 No. of infeasibilities              3   Sum of infeas        4.8290739336E+08
 Penalty parameter           0.000E+00   Nonlinear obj. term  1.0029925389E+05
 User function calls (total)         2
 No. of degenerate steps             0   Percentage                       0.00
 Max x                      51 2.5E+01   Max pi                      1 0.0E+00
 Max Primal infeas          55 4.8E+08   Max Dual infeas             0 0.0E+00
 Nonlinear constraint violn    4.8E+08
1

 Name           Opt Prob                 Infeasibilities      3      4.8291E+08

 Status         Optimal Soln             Iteration      0    Superbasics     0

 Objective               (Min)
 RHS
 Ranges
 Bounds

 Section 1 - Constraints

  Number  ...Row.. State  ...Value......  Slack Value...  ..Lower Limit.  ..Upper Limit.  .Dual Variable    ..i

      52  r      1 I  BS          .               .                None            None           .           1
      53  r      2 I  BS       -43.02845       -43.02845          .               .             -1.0          2
      54  r      3 I  BS        82.01203        82.01203          .               .              1.0          3
      55  r      4 I  EQ-482907268.31878-482907268.31878          .               .               .           4
1

 Section 2 - Variables

  Number  .Column. State  ...Value......  .Obj Gradient.  ..Lower Limit.  ..Upper Limit.  .Dual Variable    m+j

       1  x      1 D  BS         5.00000          .               .              5.00000          .           5
       2  x      2 A  LL         5.00000          .               .              5.00000          .           6
       3  x      3 A  LL         5.00000          .               .              5.00000          .           7
       4  x      4 A  LL         5.00000          .               .              5.00000          .           8
       5  x      5 A  LL         5.00000          .               .              5.00000          .           9
       6  x      6 A  LL         5.00000          .               .              5.00000          .          10
       7  x      7 A  LL         5.00000          .               .              5.00000          .          11
       8  x      8 A  LL         5.00000          .               .              5.00000          .          12
       9  x      9 A  LL         5.00000          .               .              5.00000          .          13
      10  x     10 A  LL         5.00000          .               .              5.00000          .          14
      11  x     11 A  LL         5.00000          .               .              5.00000          .          15
      12  x     12 A  LL         5.00000          .               .              5.00000          .          16
      13  x     13 A  FR         4.50000          .               .              5.00000          .          17
      14  x     14 A  FR         4.50000          .               .              5.00000          .          18
      15  x     15 A  FR         3.75000          .               .              5.00000          .          19
      16  x     16 A  FR         3.00000          .               .              5.00000          .          20
      17  x     17 A  FR         2.55000          .               .              5.00000          .          21
      18  x     18 A  FR         2.55000          .               .              5.00000          .          22
      19  x     19 A  FR         2.55000          .               .              5.00000          .          23
      20  x     20 A  FR         1.50000          .               .              5.00000          .          24
      21  x     21 A  FR         1.20000          .               .              5.00000          .          25
      22  x     22 A  FR         1.05000          .               .              5.00000          .          26
      23  x     23 A  FR         1.05000          .               .              5.00000          .          27
      24  x     24 A  FR         0.90000          .               .              5.00000          .          28
      25  x     25 A  FR         0.90000          .            -30.00000        30.00000          .          29
      26  x     26 A  FR         6.75000          .            -30.00000        30.00000          .          30
      27  x     27 A  FR         6.75000          .            -30.00000        30.00000          .          31
      28  x     28 A  FR         6.75000          .            -30.00000        30.00000          .          32
      29  x     29 A  FR         7.50000          .            -30.00000        30.00000          .          33
      30  x     30 A  FR         6.75000          .            -30.00000        30.00000          .          34
      31  x     31 A  FR         6.75000          .            -30.00000        30.00000          .          35
      32  x     32 A  FR         6.75000          .            -30.00000        30.00000          .          36
      33  x     33 A  FR         6.75000          .            -30.00000        30.00000          .          37
      34  x     34 A  FR         6.00000          .            -30.00000        30.00000          .          38
      35  x     35 A  FR         6.00000          .            -30.00000        30.00000          .          39
      36  x     36 A  FR         5.25000          .            -30.00000        30.00000          .          40
      37  x     37 A  FR         5.25000          .            -30.00000        30.00000          .          41
      38  x     38 A  FR         4.50000          .            -30.00000        30.00000          .          42
      39  x     39 A  FR         4.50000          .            -30.00000        30.00000          .          43
      40  x     40 A  FR         3.75000          .            -30.00000        30.00000          .          44
      41  x     41 A  FR         3.00000          .            -30.00000        30.00000          .          45
      42  x     42 A  FR         2.55000          .            -30.00000        30.00000          .          46
      43  x     43 A  FR         2.40000          .            -30.00000        30.00000          .          47
      44  x     44 A  FR         2.40000          .            -30.00000        30.00000          .          48
      45  x     45 A  FR         1.50000          .            -30.00000        30.00000          .          49
      46  x     46 A  FR         1.20000          .            -30.00000        30.00000          .          50
      47  x     47 A  FR         1.05000          .            -30.00000        30.00000          .          51
      48  x     48 A  FR         1.05000          .            -30.00000        30.00000          .          52
      49  x     49 A  FR         0.75000          .            -30.00000        30.00000          .          53
      50  x     50 A  FR         0.75000          .            -30.00000        30.00000          .          54
      51  x     51 A  FR        25.00000          .               .                None           .          55

 Time for MPS input                             0.00 seconds
 Time for solving problem                      27.88 seconds
 Time for solution output                       0.00 seconds
 Time for constraint functions                 27.88 seconds
 Time for objective function                    0.00 seconds
